Determining if the pthread_create exist failed with the following output:
Change Dir: /home/user/online_calibration/build/CMakeFiles/CMakeTmp

Run Build Command:"/usr/bin/make" "cmTC_cd492/fast"
/usr/bin/make -f CMakeFiles/cmTC_cd492.dir/build.make CMakeFiles/cmTC_cd492.dir/build
make[1]: Entering directory '/home/user/online_calibration/build/CMakeFiles/CMakeTmp'
Building C object CMakeFiles/cmTC_cd492.dir/CheckSymbolExists.c.o
/usr/bin/gcc-5     -o CMakeFiles/cmTC_cd492.dir/CheckSymbolExists.c.o   -c /home/user/online_calibration/build/CMakeFiles/CMakeTmp/CheckSymbolExists.c
Linking C executable cmTC_cd492
/usr/bin/cmake -E cmake_link_script CMakeFiles/cmTC_cd492.dir/link.txt --verbose=1
/usr/bin/gcc-5       CMakeFiles/cmTC_cd492.dir/CheckSymbolExists.c.o  -o cmTC_cd492 -rdynamic 
CMakeFiles/cmTC_cd492.dir/CheckSymbolExists.c.o：在函数‘main’中：
CheckSymbolExists.c:(.text+0x16)：对‘pthread_create’未定义的引用
collect2: error: ld returned 1 exit status
CMakeFiles/cmTC_cd492.dir/build.make:97: recipe for target 'cmTC_cd492' failed
make[1]: *** [cmTC_cd492] Error 1
make[1]: Leaving directory '/home/user/online_calibration/build/CMakeFiles/CMakeTmp'
Makefile:126: recipe for target 'cmTC_cd492/fast' failed
make: *** [cmTC_cd492/fast] Error 2

File /home/user/online_calibration/build/CMakeFiles/CMakeTmp/CheckSymbolExists.c:
/* */
#include <pthread.h>

int main(int argc, char** argv)
{
  (void)argv;
#ifndef pthread_create
  return ((int*)(&pthread_create))[argc];
#else
  (void)argc;
  return 0;
#endif
}

Determining if the function pthread_create exists in the pthreads failed with the following output:
Change Dir: /home/user/online_calibration/build/CMakeFiles/CMakeTmp

Run Build Command:"/usr/bin/make" "cmTC_0609f/fast"
/usr/bin/make -f CMakeFiles/cmTC_0609f.dir/build.make CMakeFiles/cmTC_0609f.dir/build
make[1]: Entering directory '/home/user/online_calibration/build/CMakeFiles/CMakeTmp'
Building C object CMakeFiles/cmTC_0609f.dir/CheckFunctionExists.c.o
/usr/bin/gcc-5    -DCHECK_FUNCTION_EXISTS=pthread_create   -o CMakeFiles/cmTC_0609f.dir/CheckFunctionExists.c.o   -c /usr/share/cmake-3.5/Modules/CheckFunctionExists.c
Linking C executable cmTC_0609f
/usr/bin/cmake -E cmake_link_script CMakeFiles/cmTC_0609f.dir/link.txt --verbose=1
/usr/bin/gcc-5   -DCHECK_FUNCTION_EXISTS=pthread_create    CMakeFiles/cmTC_0609f.dir/CheckFunctionExists.c.o  -o cmTC_0609f -rdynamic -lpthreads 
/usr/bin/ld: 找不到 -lpthreads
collect2: error: ld returned 1 exit status
CMakeFiles/cmTC_0609f.dir/build.make:97: recipe for target 'cmTC_0609f' failed
make[1]: *** [cmTC_0609f] Error 1
make[1]: Leaving directory '/home/user/online_calibration/build/CMakeFiles/CMakeTmp'
Makefile:126: recipe for target 'cmTC_0609f/fast' failed
make: *** [cmTC_0609f/fast] Error 2


